<?xml version="1.0" encoding="UTF-8"?>
<!-- Generated by org.testng.reporters.JUnitXMLReporter -->
<testsuite ignored="6" hostname="192.168.1.3" failures="0" tests="3" name="my test" time="0.102" errors="0" timestamp="2023-07-22T22:31:35 IST">
  <testcase classname="day36.Grouping" name="loginByfacebook" time="0.008"/>
  <testcase classname="day36.Grouping" name="loginBytwitter" time="0.002"/>
  <testcase classname="day36.Grouping" name="paymentindollar" time="0.001"/>
  <testcase classname="day36.Grouping" name="paymentReturnbyBank" time="0.0">
    <ignored/>
  </testcase> <!-- paymentReturnbyBank -->
  <testcase classname="day36.Grouping" name="loginByEmail" time="0.0">
    <ignored/>
  </testcase> <!-- loginByEmail -->
  <testcase classname="day36.Grouping" name="paymentinrupees" time="0.0">
    <ignored/>
  </testcase> <!-- paymentinrupees -->
  <testcase classname="day36.Grouping" name="signupbytwitter" time="0.0">
    <ignored/>
  </testcase> <!-- signupbytwitter -->
  <testcase classname="day36.Grouping" name="signupbyfacebook" time="0.0">
    <ignored/>
  </testcase> <!-- signupbyfacebook -->
  <testcase classname="day36.Grouping" name="signupbyemail" time="0.0">
    <ignored/>
  </testcase> <!-- signupbyemail -->
</testsuite> <!-- my test -->
